2014-01-10 16:00:57,700 - ANAPSID.Decomposer.decomposer - INFO - Decomposition Obtained
2014-01-10 16:00:57,701 - ANAPSID.Decomposer.decomposer - INFO - SELECT DISTINCT ?p
WHERE {
     SERVICE <http://dbpedia-live.openlinksw.com/sparql> { 
         ?ama1 <http://dbpedia.org/ontology/activeYearsStartYear> ?ays1 . 
         ?ama1 <http://dbpedia.org/ontology/activeYearsEndYear> ?aye1 . 
         ?ama1 <http://dbpedia.org/ontology/background> ?bg1
     }    . 
     SERVICE <http://dbpedia-live.openlinksw.com/sparql> { 
         ?aa1 <http://dbpedia.org/ontology/activeYearsEndYear> ?aye2 . 
         ?aa1 <http://dbpedia.org/ontology/activeYearsStartYear> ?ays2
     }    . 
     SERVICE <http://dbpedia-live.openlinksw.com/sparql> { 
         ?p <http://dbpedia.org/property/associatedActs> <http://dbpedia.org/resource/Juan_Luis_Guerra> . 
         ?p <http://purl.org/dc/terms/subject> ?ss1 . 
         ?p <http://dbpedia.org/property/alternativeNames> ?altN1 . 
         ?p <http://www.w3.org/1999/02/22-rdf-syntax-ns#type> ?t1 . 
         ?p <http://dbpedia.org/property/associatedActs> ?aa1 . 
         ?p <http://dbpedia.org/ontology/associatedBand> ?ab1 . 
         ?p <http://dbpedia.org/ontology/activeYearsStartYear> ?ac1 . 
         ?p <http://dbpedia.org/ontology/associatedMusicalArtist> ?ama1
     }    . 
     SERVICE <http://dbpedia-live.openlinksw.com/sparql> { 
         ?ab1 <http://xmlns.com/foaf/0.1/homepage> ?hm1 . 
         ?ab1 <http://dbpedia.org/property/hasPhotoCollection> ?yA1 . 
         ?ab1 <http://xmlns.com/foaf/0.1/isPrimaryTopicOf> ?iPt1 . 
         ?ab1 <http://www.w3.org/ns/prov#wasDerivedFrom> ?wd1
     }
}
2014-01-10 16:04:20,687 - ANAPSID.Decomposer.decomposer - INFO - Decomposition Obtained
2014-01-10 16:04:20,688 - ANAPSID.Decomposer.decomposer - INFO - SELECT DISTINCT *
WHERE {
     SERVICE <http://dbpedia-live.openlinksw.com/sparql> { 
         ?d2 <http://www.w3.org/1999/02/22-rdf-syntax-ns#type> <http://dbpedia.org/ontology/Disease> . 
         ?d1 <http://www.w3.org/1999/02/22-rdf-syntax-ns#type> <http://umbel.org/umbel/rc/AilmentCondition> . 
         ?d1 <http://dbpedia.org/property/emedicinetopic> ?o . 
         ?d2 <http://dbpedia.org/property/emedicinetopic> ?o
     }
}
